<?xml version="1.0" encoding="UTF-8"?>
<!-- Generated by org.testng.reporters.JUnitReportReporter -->
<testsuite name="autotest.testcase.TestDemo02" tests="4" time="0.005" ignored="0" failures="0" timestamp="16 Mar 2021 07:34:38 GMT" skipped="0" hostname="DESKTOP-D2D2KE2" errors="0">
  <testcase name="test002" time="0.000" classname="autotest.testcase.TestDemo02"/>
  <testcase name="paramTest001" time="0.005" classname="autotest.testcase.TestDemo02"/>
  <testcase name="test001" time="0.000" classname="autotest.testcase.TestDemo02"/>
  <testcase name="paramTest001" time="0.000" classname="autotest.testcase.TestDemo02"/>
</testsuite> <!-- autotest.testcase.TestDemo02 -->
