<?xml version="1.0" encoding="UTF-8"?>
<!-- Generated by org.testng.reporters.JUnitReportReporter -->
<testsuite name="autotest.testcase.TestDemo01" tests="2" time="0.001" ignored="0" failures="0" timestamp="16 Mar 2021 07:34:38 GMT" skipped="0" hostname="DESKTOP-D2D2KE2" errors="0">
  <testcase name="test1" time="0.000" classname="autotest.testcase.TestDemo01"/>
  <testcase name="test2" time="0.001" classname="autotest.testcase.TestDemo01"/>
</testsuite> <!-- autotest.testcase.TestDemo01 -->
